{"C:\\Users\\firmo\\OneDrive\\coding\\microverse\\testing-practice-js-jest\\arrayAnalysis.js": {"path":"C:\\Users\\firmo\\OneDrive\\coding\\microverse\\testing-practice-js-jest\\arrayAnalysis.js","statementMap":{"0":{"start":{"line":1,"column":22},"end":{"line":8,"column":1}},"1":{"start":{"line":2,"column":2},"end":{"line":7,"column":3}},"2":{"start":{"line":3,"column":51},"end":{"line":3,"column":68}},"3":{"start":{"line":10,"column":0},"end":{"line":10,"column":31}}},"fnMap":{"0":{"name":"(anonymous_0)","decl":{"start":{"line":1,"column":22},"end":{"line":1,"column":23}},"loc":{"start":{"line":1,"column":31},"end":{"line":8,"column":1}},"line":1},"1":{"name":"(anonymous_1)","decl":{"start":{"line":3,"column":35},"end":{"line":3,"column":36}},"loc":{"start":{"line":3,"column":49},"end":{"line":3,"column":70}},"line":3}},"branchMap":{},"s":{"0":1,"1":1,"2":7,"3":1},"f":{"0":1,"1":7},"b":{},"_coverageSchema":"1a1c01bbd47fc00a2c39e90264f33305004495a9","hash":"fa91973ecca74f050fa0f394223005d779e4e882"}
,"C:\\Users\\firmo\\OneDrive\\coding\\microverse\\testing-practice-js-jest\\calculator.js": {"path":"C:\\Users\\firmo\\OneDrive\\coding\\microverse\\testing-practice-js-jest\\calculator.js","statementMap":{"0":{"start":{"line":1,"column":19},"end":{"line":8,"column":4}},"1":{"start":{"line":2,"column":14},"end":{"line":2,"column":40}},"2":{"start":{"line":2,"column":26},"end":{"line":2,"column":38}},"3":{"start":{"line":3,"column":19},"end":{"line":3,"column":45}},"4":{"start":{"line":3,"column":31},"end":{"line":3,"column":43}},"5":{"start":{"line":4,"column":19},"end":{"line":4,"column":45}},"6":{"start":{"line":4,"column":31},"end":{"line":4,"column":43}},"7":{"start":{"line":5,"column":17},"end":{"line":5,"column":43}},"8":{"start":{"line":5,"column":29},"end":{"line":5,"column":41}},"9":{"start":{"line":7,"column":2},"end":{"line":7,"column":44}},"10":{"start":{"line":10,"column":0},"end":{"line":10,"column":28}}},"fnMap":{"0":{"name":"(anonymous_0)","decl":{"start":{"line":1,"column":20},"end":{"line":1,"column":21}},"loc":{"start":{"line":1,"column":26},"end":{"line":8,"column":1}},"line":1},"1":{"name":"(anonymous_1)","decl":{"start":{"line":2,"column":14},"end":{"line":2,"column":15}},"loc":{"start":{"line":2,"column":24},"end":{"line":2,"column":40}},"line":2},"2":{"name":"(anonymous_2)","decl":{"start":{"line":3,"column":19},"end":{"line":3,"column":20}},"loc":{"start":{"line":3,"column":29},"end":{"line":3,"column":45}},"line":3},"3":{"name":"(anonymous_3)","decl":{"start":{"line":4,"column":19},"end":{"line":4,"column":20}},"loc":{"start":{"line":4,"column":29},"end":{"line":4,"column":45}},"line":4},"4":{"name":"(anonymous_4)","decl":{"start":{"line":5,"column":17},"end":{"line":5,"column":18}},"loc":{"start":{"line":5,"column":27},"end":{"line":5,"column":43}},"line":5}},"branchMap":{},"s":{"0":1,"1":1,"2":1,"3":1,"4":1,"5":1,"6":1,"7":1,"8":1,"9":1,"10":1},"f":{"0":1,"1":1,"2":1,"3":1,"4":1},"b":{},"_coverageSchema":"1a1c01bbd47fc00a2c39e90264f33305004495a9","hash":"05a3dd5be66dfa72fb5eecfe97ac86196125407c"}
,"C:\\Users\\firmo\\OneDrive\\coding\\microverse\\testing-practice-js-jest\\capitalize.js": {"path":"C:\\Users\\firmo\\OneDrive\\coding\\microverse\\testing-practice-js-jest\\capitalize.js","statementMap":{"0":{"start":{"line":1,"column":19},"end":{"line":4,"column":1}},"1":{"start":{"line":2,"column":20},"end":{"line":2,"column":61}},"2":{"start":{"line":3,"column":2},"end":{"line":3,"column":19}},"3":{"start":{"line":5,"column":0},"end":{"line":5,"column":28}}},"fnMap":{"0":{"name":"(anonymous_0)","decl":{"start":{"line":1,"column":19},"end":{"line":1,"column":20}},"loc":{"start":{"line":1,"column":29},"end":{"line":4,"column":1}},"line":1}},"branchMap":{},"s":{"0":1,"1":1,"2":1,"3":1},"f":{"0":1},"b":{},"_coverageSchema":"1a1c01bbd47fc00a2c39e90264f33305004495a9","hash":"17ad23893e0e0467946342da14c19cebb6b1005a"}
,"C:\\Users\\firmo\\OneDrive\\coding\\microverse\\testing-practice-js-jest\\reverseString.js": {"path":"C:\\Users\\firmo\\OneDrive\\coding\\microverse\\testing-practice-js-jest\\reverseString.js","statementMap":{"0":{"start":{"line":1,"column":22},"end":{"line":4,"column":1}},"1":{"start":{"line":2,"column":23},"end":{"line":2,"column":55}},"2":{"start":{"line":3,"column":2},"end":{"line":3,"column":21}},"3":{"start":{"line":6,"column":0},"end":{"line":6,"column":31}}},"fnMap":{"0":{"name":"(anonymous_0)","decl":{"start":{"line":1,"column":22},"end":{"line":1,"column":23}},"loc":{"start":{"line":1,"column":31},"end":{"line":4,"column":1}},"line":1}},"branchMap":{},"s":{"0":1,"1":1,"2":1,"3":1},"f":{"0":1},"b":{},"_coverageSchema":"1a1c01bbd47fc00a2c39e90264f33305004495a9","hash":"45c8893726cb21f9bf54923403940083c5e3346c"}
}
