TN:
SF:arrayAnalysis.js
FN:1,(anonymous_0)
FN:3,(anonymous_1)
FNF:2
FNH:2
FNDA:1,(anonymous_0)
FNDA:7,(anonymous_1)
DA:1,1
DA:2,1
DA:3,7
DA:10,1
LF:4
LH:4
BRF:0
BRH:0
end_of_record
TN:
SF:caesarcypher.js
FN:1,(anonymous_0)
FNF:1
FNH:1
FNDA:3,(anonymous_0)
DA:1,1
DA:2,3
DA:3,3
DA:4,3
DA:6,3
DA:7,33
DA:8,33
DA:9,30
DA:10,30
DA:11,1
DA:14,33
DA:16,3
DA:18,1
LF:13
LH:13
BRDA:8,0,0,30
BRDA:8,0,1,3
BRDA:8,1,0,33
BRDA:8,1,1,30
BRDA:10,2,0,1
BRDA:10,2,1,29
BRF:6
BRH:6
end_of_record
TN:
SF:caesaruncypher.js
FN:1,(anonymous_0)
FNF:1
FNH:1
FNDA:3,(anonymous_0)
DA:1,1
DA:2,3
DA:3,3
DA:4,3
DA:6,3
DA:7,33
DA:8,33
DA:9,30
DA:10,30
DA:11,1
DA:14,33
DA:16,3
DA:18,1
LF:13
LH:13
BRDA:8,0,0,30
BRDA:8,0,1,3
BRDA:8,1,0,33
BRDA:8,1,1,30
BRDA:10,2,0,1
BRDA:10,2,1,29
BRF:6
BRH:6
end_of_record
TN:
SF:calculator.js
FN:1,(anonymous_0)
FN:2,(anonymous_1)
FN:3,(anonymous_2)
FN:4,(anonymous_3)
FN:5,(anonymous_4)
FNF:5
FNH:5
FNDA:1,(anonymous_0)
FNDA:1,(anonymous_1)
FNDA:1,(anonymous_2)
FNDA:1,(anonymous_3)
FNDA:1,(anonymous_4)
DA:1,1
DA:2,1
DA:3,1
DA:4,1
DA:5,1
DA:7,1
DA:10,1
LF:7
LH:7
BRF:0
BRH:0
end_of_record
TN:
SF:capitalize.js
FN:1,(anonymous_0)
FNF:1
FNH:1
FNDA:1,(anonymous_0)
DA:1,1
DA:2,1
DA:3,1
DA:5,1
LF:4
LH:4
BRF:0
BRH:0
end_of_record
TN:
SF:reverseString.js
FN:1,(anonymous_0)
FNF:1
FNH:1
FNDA:1,(anonymous_0)
DA:1,1
DA:2,1
DA:3,1
DA:6,1
LF:4
LH:4
BRF:0
BRH:0
end_of_record
